{"D:\\Work\\Portfolio\\src\\js\\main.ts": {"path":"D:\\Work\\Portfolio\\src\\js\\main.ts","statementMap":{"0":{"start":{"line":11,"column":30},"end":{"line":15,"column":null}},"1":{"start":{"line":20,"column":21},"end":{"line":62,"column":null}},"2":{"start":{"line":26,"column":56},"end":{"line":26,"column":null}},"3":{"start":{"line":27,"column":4},"end":{"line":34,"column":null}},"4":{"start":{"line":28,"column":20},"end":{"line":31,"column":null}},"5":{"start":{"line":29,"column":8},"end":{"line":29,"column":null}},"6":{"start":{"line":29,"column":21},"end":{"line":29,"column":null}},"7":{"start":{"line":30,"column":8},"end":{"line":30,"column":null}},"8":{"start":{"line":32,"column":6},"end":{"line":32,"column":null}},"9":{"start":{"line":32,"column":19},"end":{"line":32,"column":null}},"10":{"start":{"line":33,"column":6},"end":{"line":33,"column":null}},"11":{"start":{"line":39,"column":27},"end":{"line":39,"column":null}},"12":{"start":{"line":40,"column":4},"end":{"line":43,"column":null}},"13":{"start":{"line":48,"column":17},"end":{"line":48,"column":null}},"14":{"start":{"line":49,"column":4},"end":{"line":53,"column":null}},"15":{"start":{"line":59,"column":16},"end":{"line":59,"column":null}},"16":{"start":{"line":60,"column":4},"end":{"line":60,"column":null}},"17":{"start":{"line":74,"column":4},"end":{"line":74,"column":null}},"18":{"start":{"line":75,"column":4},"end":{"line":75,"column":null}},"19":{"start":{"line":76,"column":4},"end":{"line":76,"column":null}},"20":{"start":{"line":77,"column":4},"end":{"line":77,"column":null}},"21":{"start":{"line":79,"column":4},"end":{"line":79,"column":null}},"22":{"start":{"line":83,"column":4},"end":{"line":83,"column":null}},"23":{"start":{"line":84,"column":4},"end":{"line":84,"column":null}},"24":{"start":{"line":89,"column":4},"end":{"line":91,"column":null}},"25":{"start":{"line":90,"column":6},"end":{"line":90,"column":null}},"26":{"start":{"line":90,"column":53},"end":{"line":90,"column":76}},"27":{"start":{"line":94,"column":4},"end":{"line":96,"column":null}},"28":{"start":{"line":95,"column":6},"end":{"line":95,"column":null}},"29":{"start":{"line":95,"column":51},"end":{"line":95,"column":73}},"30":{"start":{"line":99,"column":4},"end":{"line":102,"column":null}},"31":{"start":{"line":101,"column":27},"end":{"line":101,"column":48}},"32":{"start":{"line":105,"column":4},"end":{"line":115,"column":null}},"33":{"start":{"line":106,"column":21},"end":{"line":106,"column":null}},"34":{"start":{"line":107,"column":6},"end":{"line":114,"column":null}},"35":{"start":{"line":113,"column":8},"end":{"line":113,"column":null}},"36":{"start":{"line":119,"column":4},"end":{"line":119,"column":null}},"37":{"start":{"line":120,"column":4},"end":{"line":120,"column":null}},"38":{"start":{"line":124,"column":4},"end":{"line":124,"column":null}},"39":{"start":{"line":125,"column":4},"end":{"line":125,"column":null}},"40":{"start":{"line":129,"column":4},"end":{"line":129,"column":null}},"41":{"start":{"line":130,"column":19},"end":{"line":130,"column":null}},"42":{"start":{"line":131,"column":21},"end":{"line":131,"column":null}},"43":{"start":{"line":132,"column":26},"end":{"line":132,"column":null}},"44":{"start":{"line":134,"column":4},"end":{"line":138,"column":null}},"45":{"start":{"line":135,"column":6},"end":{"line":135,"column":null}},"46":{"start":{"line":136,"column":6},"end":{"line":136,"column":null}},"47":{"start":{"line":137,"column":6},"end":{"line":137,"column":null}},"48":{"start":{"line":142,"column":4},"end":{"line":142,"column":null}},"49":{"start":{"line":142,"column":49},"end":{"line":142,"column":91}},"50":{"start":{"line":143,"column":4},"end":{"line":143,"column":null}},"51":{"start":{"line":148,"column":4},"end":{"line":152,"column":null}},"52":{"start":{"line":149,"column":6},"end":{"line":149,"column":null}},"53":{"start":{"line":151,"column":6},"end":{"line":151,"column":null}},"54":{"start":{"line":155,"column":4},"end":{"line":155,"column":null}},"55":{"start":{"line":159,"column":21},"end":{"line":159,"column":null}},"56":{"start":{"line":160,"column":20},"end":{"line":160,"column":null}},"57":{"start":{"line":162,"column":4},"end":{"line":175,"column":null}},"58":{"start":{"line":163,"column":25},"end":{"line":163,"column":null}},"59":{"start":{"line":164,"column":28},"end":{"line":164,"column":null}},"60":{"start":{"line":165,"column":24},"end":{"line":165,"column":null}},"61":{"start":{"line":167,"column":6},"end":{"line":174,"column":null}},"62":{"start":{"line":168,"column":34},"end":{"line":170,"column":null}},"63":{"start":{"line":171,"column":8},"end":{"line":173,"column":null}},"64":{"start":{"line":172,"column":10},"end":{"line":172,"column":null}},"65":{"start":{"line":187,"column":4},"end":{"line":187,"column":null}},"66":{"start":{"line":188,"column":4},"end":{"line":188,"column":null}},"67":{"start":{"line":192,"column":4},"end":{"line":192,"column":null}},"68":{"start":{"line":193,"column":4},"end":{"line":193,"column":null}},"69":{"start":{"line":197,"column":46},"end":{"line":200,"column":null}},"70":{"start":{"line":202,"column":4},"end":{"line":209,"column":null}},"71":{"start":{"line":203,"column":6},"end":{"line":208,"column":null}},"72":{"start":{"line":204,"column":8},"end":{"line":207,"column":null}},"73":{"start":{"line":205,"column":10},"end":{"line":205,"column":null}},"74":{"start":{"line":206,"column":10},"end":{"line":206,"column":null}},"75":{"start":{"line":213,"column":30},"end":{"line":219,"column":null}},"76":{"start":{"line":221,"column":4},"end":{"line":226,"column":null}},"77":{"start":{"line":222,"column":6},"end":{"line":222,"column":null}},"78":{"start":{"line":223,"column":6},"end":{"line":223,"column":null}},"79":{"start":{"line":224,"column":6},"end":{"line":224,"column":null}},"80":{"start":{"line":225,"column":6},"end":{"line":225,"column":null}},"81":{"start":{"line":230,"column":4},"end":{"line":230,"column":null}},"82":{"start":{"line":231,"column":4},"end":{"line":231,"column":null}},"83":{"start":{"line":248,"column":4},"end":{"line":248,"column":null}},"84":{"start":{"line":249,"column":4},"end":{"line":249,"column":null}},"85":{"start":{"line":253,"column":4},"end":{"line":255,"column":null}},"86":{"start":{"line":254,"column":6},"end":{"line":254,"column":null}},"87":{"start":{"line":259,"column":4},"end":{"line":259,"column":null}},"88":{"start":{"line":259,"column":20},"end":{"line":259,"column":null}},"89":{"start":{"line":261,"column":4},"end":{"line":261,"column":null}},"90":{"start":{"line":261,"column":55},"end":{"line":261,"column":75}},"91":{"start":{"line":264,"column":19},"end":{"line":266,"column":null}},"92":{"start":{"line":267,"column":4},"end":{"line":270,"column":null}},"93":{"start":{"line":268,"column":6},"end":{"line":268,"column":null}},"94":{"start":{"line":268,"column":43},"end":{"line":268,"column":68}},"95":{"start":{"line":269,"column":6},"end":{"line":269,"column":null}},"96":{"start":{"line":269,"column":44},"end":{"line":269,"column":71}},"97":{"start":{"line":274,"column":4},"end":{"line":274,"column":null}},"98":{"start":{"line":276,"column":4},"end":{"line":278,"column":null}},"99":{"start":{"line":277,"column":6},"end":{"line":277,"column":null}},"100":{"start":{"line":280,"column":21},"end":{"line":280,"column":null}},"101":{"start":{"line":281,"column":25},"end":{"line":281,"column":null}},"102":{"start":{"line":283,"column":4},"end":{"line":296,"column":null}},"103":{"start":{"line":284,"column":6},"end":{"line":284,"column":null}},"104":{"start":{"line":284,"column":24},"end":{"line":284,"column":null}},"105":{"start":{"line":288,"column":6},"end":{"line":288,"column":null}},"106":{"start":{"line":290,"column":6},"end":{"line":290,"column":null}},"107":{"start":{"line":291,"column":6},"end":{"line":291,"column":null}},"108":{"start":{"line":293,"column":6},"end":{"line":293,"column":null}},"109":{"start":{"line":295,"column":6},"end":{"line":295,"column":null}},"110":{"start":{"line":295,"column":24},"end":{"line":295,"column":null}},"111":{"start":{"line":300,"column":4},"end":{"line":300,"column":null}},"112":{"start":{"line":300,"column":20},"end":{"line":300,"column":null}},"113":{"start":{"line":302,"column":19},"end":{"line":304,"column":null}},"114":{"start":{"line":305,"column":18},"end":{"line":305,"column":null}},"115":{"start":{"line":307,"column":4},"end":{"line":311,"column":null}},"116":{"start":{"line":308,"column":6},"end":{"line":310,"column":null}},"117":{"start":{"line":309,"column":8},"end":{"line":309,"column":null}},"118":{"start":{"line":313,"column":4},"end":{"line":313,"column":null}},"119":{"start":{"line":317,"column":18},"end":{"line":317,"column":null}},"120":{"start":{"line":318,"column":22},"end":{"line":318,"column":null}},"121":{"start":{"line":319,"column":18},"end":{"line":319,"column":null}},"122":{"start":{"line":320,"column":23},"end":{"line":320,"column":null}},"123":{"start":{"line":323,"column":4},"end":{"line":323,"column":null}},"124":{"start":{"line":326,"column":4},"end":{"line":346,"column":null}},"125":{"start":{"line":328,"column":8},"end":{"line":331,"column":null}},"126":{"start":{"line":329,"column":10},"end":{"line":329,"column":null}},"127":{"start":{"line":330,"column":10},"end":{"line":330,"column":null}},"128":{"start":{"line":332,"column":8},"end":{"line":332,"column":null}},"129":{"start":{"line":334,"column":27},"end":{"line":334,"column":null}},"130":{"start":{"line":335,"column":8},"end":{"line":338,"column":null}},"131":{"start":{"line":336,"column":10},"end":{"line":336,"column":null}},"132":{"start":{"line":337,"column":10},"end":{"line":337,"column":null}},"133":{"start":{"line":339,"column":8},"end":{"line":339,"column":null}},"134":{"start":{"line":341,"column":8},"end":{"line":344,"column":null}},"135":{"start":{"line":342,"column":10},"end":{"line":342,"column":null}},"136":{"start":{"line":343,"column":10},"end":{"line":343,"column":null}},"137":{"start":{"line":345,"column":8},"end":{"line":345,"column":null}},"138":{"start":{"line":348,"column":4},"end":{"line":350,"column":null}},"139":{"start":{"line":349,"column":6},"end":{"line":349,"column":null}},"140":{"start":{"line":352,"column":4},"end":{"line":352,"column":null}},"141":{"start":{"line":356,"column":4},"end":{"line":356,"column":null}},"142":{"start":{"line":358,"column":23},"end":{"line":358,"column":null}},"143":{"start":{"line":359,"column":23},"end":{"line":359,"column":null}},"144":{"start":{"line":360,"column":4},"end":{"line":364,"column":null}},"145":{"start":{"line":361,"column":6},"end":{"line":361,"column":null}},"146":{"start":{"line":362,"column":6},"end":{"line":362,"column":null}},"147":{"start":{"line":363,"column":6},"end":{"line":363,"column":null}},"148":{"start":{"line":365,"column":4},"end":{"line":365,"column":null}},"149":{"start":{"line":369,"column":4},"end":{"line":369,"column":null}},"150":{"start":{"line":370,"column":23},"end":{"line":370,"column":null}},"151":{"start":{"line":371,"column":25},"end":{"line":371,"column":null}},"152":{"start":{"line":372,"column":4},"end":{"line":374,"column":null}},"153":{"start":{"line":373,"column":6},"end":{"line":373,"column":null}},"154":{"start":{"line":378,"column":4},"end":{"line":378,"column":null}},"155":{"start":{"line":378,"column":20},"end":{"line":378,"column":null}},"156":{"start":{"line":379,"column":21},"end":{"line":379,"column":null}},"157":{"start":{"line":380,"column":4},"end":{"line":380,"column":null}},"158":{"start":{"line":384,"column":4},"end":{"line":390,"column":null}},"159":{"start":{"line":385,"column":6},"end":{"line":385,"column":null}},"160":{"start":{"line":386,"column":6},"end":{"line":386,"column":null}},"161":{"start":{"line":388,"column":6},"end":{"line":388,"column":null}},"162":{"start":{"line":389,"column":6},"end":{"line":389,"column":null}},"163":{"start":{"line":395,"column":4},"end":{"line":400,"column":null}},"164":{"start":{"line":396,"column":6},"end":{"line":399,"column":null}},"165":{"start":{"line":397,"column":8},"end":{"line":397,"column":null}},"166":{"start":{"line":398,"column":8},"end":{"line":398,"column":null}},"167":{"start":{"line":404,"column":4},"end":{"line":404,"column":null}},"168":{"start":{"line":408,"column":4},"end":{"line":408,"column":null}},"169":{"start":{"line":413,"column":25},"end":{"line":413,"column":null}},"170":{"start":{"line":414,"column":4},"end":{"line":414,"column":null}},"171":{"start":{"line":415,"column":4},"end":{"line":415,"column":null}},"172":{"start":{"line":417,"column":4},"end":{"line":417,"column":null}},"173":{"start":{"line":420,"column":4},"end":{"line":420,"column":null}},"174":{"start":{"line":420,"column":21},"end":{"line":420,"column":71}},"175":{"start":{"line":423,"column":4},"end":{"line":426,"column":null}},"176":{"start":{"line":424,"column":6},"end":{"line":424,"column":null}},"177":{"start":{"line":425,"column":6},"end":{"line":425,"column":null}},"178":{"start":{"line":425,"column":23},"end":{"line":425,"column":46}},"179":{"start":{"line":430,"column":4},"end":{"line":430,"column":null}},"180":{"start":{"line":439,"column":2},"end":{"line":439,"column":null}},"181":{"start":{"line":440,"column":2},"end":{"line":440,"column":null}},"182":{"start":{"line":441,"column":2},"end":{"line":441,"column":null}},"183":{"start":{"line":443,"column":2},"end":{"line":443,"column":null}},"184":{"start":{"line":447,"column":0},"end":{"line":449,"column":null}},"185":{"start":{"line":448,"column":2},"end":{"line":448,"column":null}}},"fnMap":{"0":{"name":"(anonymous_0)","decl":{"start":{"line":22,"column":2},"end":{"line":22,"column":null}},"loc":{"start":{"line":25,"column":38},"end":{"line":35,"column":null}},"line":25},"1":{"name":"executedFunction","decl":{"start":{"line":27,"column":20},"end":{"line":27,"column":40}},"loc":{"start":{"line":27,"column":67},"end":{"line":34,"column":null}},"line":27},"2":{"name":"(anonymous_2)","decl":{"start":{"line":28,"column":20},"end":{"line":28,"column":32}},"loc":{"start":{"line":28,"column":32},"end":{"line":31,"column":null}},"line":28},"3":{"name":"(anonymous_3)","decl":{"start":{"line":38,"column":2},"end":{"line":38,"column":17}},"loc":{"start":{"line":38,"column":83},"end":{"line":44,"column":null}},"line":38},"4":{"name":"(anonymous_4)","decl":{"start":{"line":47,"column":2},"end":{"line":47,"column":15}},"loc":{"start":{"line":47,"column":46},"end":{"line":55,"column":null}},"line":47},"5":{"name":"(anonymous_5)","decl":{"start":{"line":58,"column":2},"end":{"line":58,"column":27}},"loc":{"start":{"line":58,"column":27},"end":{"line":61,"column":null}},"line":58},"6":{"name":"(anonymous_6)","decl":{"start":{"line":73,"column":2},"end":{"line":73,"column":16}},"loc":{"start":{"line":73,"column":16},"end":{"line":80,"column":null}},"line":73},"7":{"name":"(anonymous_7)","decl":{"start":{"line":82,"column":2},"end":{"line":82,"column":15}},"loc":{"start":{"line":82,"column":15},"end":{"line":85,"column":null}},"line":82},"8":{"name":"(anonymous_8)","decl":{"start":{"line":87,"column":2},"end":{"line":87,"column":30}},"loc":{"start":{"line":87,"column":30},"end":{"line":116,"column":null}},"line":87},"9":{"name":"(anonymous_9)","decl":{"start":{"line":90,"column":47},"end":{"line":90,"column":53}},"loc":{"start":{"line":90,"column":53},"end":{"line":90,"column":76}},"line":90},"10":{"name":"(anonymous_10)","decl":{"start":{"line":94,"column":26},"end":{"line":94,"column":27}},"loc":{"start":{"line":94,"column":49},"end":{"line":96,"column":5}},"line":94},"11":{"name":"(anonymous_11)","decl":{"start":{"line":95,"column":37},"end":{"line":95,"column":38}},"loc":{"start":{"line":95,"column":51},"end":{"line":95,"column":73}},"line":95},"12":{"name":"(anonymous_12)","decl":{"start":{"line":101,"column":21},"end":{"line":101,"column":27}},"loc":{"start":{"line":101,"column":27},"end":{"line":101,"column":48}},"line":101},"13":{"name":"(anonymous_13)","decl":{"start":{"line":105,"column":39},"end":{"line":105,"column":40}},"loc":{"start":{"line":105,"column":58},"end":{"line":115,"column":5}},"line":105},"14":{"name":"(anonymous_14)","decl":{"start":{"line":118,"column":2},"end":{"line":118,"column":27}},"loc":{"start":{"line":118,"column":27},"end":{"line":121,"column":null}},"line":118},"15":{"name":"(anonymous_15)","decl":{"start":{"line":123,"column":2},"end":{"line":123,"column":26}},"loc":{"start":{"line":123,"column":26},"end":{"line":126,"column":null}},"line":123},"16":{"name":"(anonymous_16)","decl":{"start":{"line":128,"column":2},"end":{"line":128,"column":17}},"loc":{"start":{"line":128,"column":33},"end":{"line":139,"column":null}},"line":128},"17":{"name":"(anonymous_17)","decl":{"start":{"line":141,"column":2},"end":{"line":141,"column":19}},"loc":{"start":{"line":141,"column":50},"end":{"line":144,"column":null}},"line":141},"18":{"name":"(anonymous_18)","decl":{"start":{"line":142,"column":26},"end":{"line":142,"column":27}},"loc":{"start":{"line":142,"column":49},"end":{"line":142,"column":91}},"line":142},"19":{"name":"(anonymous_19)","decl":{"start":{"line":146,"column":2},"end":{"line":146,"column":23}},"loc":{"start":{"line":146,"column":23},"end":{"line":156,"column":null}},"line":146},"20":{"name":"(anonymous_20)","decl":{"start":{"line":158,"column":2},"end":{"line":158,"column":34}},"loc":{"start":{"line":158,"column":34},"end":{"line":176,"column":null}},"line":158},"21":{"name":"(anonymous_21)","decl":{"start":{"line":162,"column":21},"end":{"line":162,"column":22}},"loc":{"start":{"line":162,"column":47},"end":{"line":175,"column":5}},"line":162},"22":{"name":"(anonymous_22)","decl":{"start":{"line":186,"column":2},"end":{"line":186,"column":16}},"loc":{"start":{"line":186,"column":16},"end":{"line":189,"column":null}},"line":186},"23":{"name":"(anonymous_23)","decl":{"start":{"line":191,"column":2},"end":{"line":191,"column":15}},"loc":{"start":{"line":191,"column":15},"end":{"line":194,"column":null}},"line":191},"24":{"name":"(anonymous_24)","decl":{"start":{"line":196,"column":2},"end":{"line":196,"column":25}},"loc":{"start":{"line":196,"column":25},"end":{"line":210,"column":null}},"line":196},"25":{"name":"(anonymous_25)","decl":{"start":{"line":202,"column":45},"end":{"line":202,"column":46}},"loc":{"start":{"line":202,"column":87},"end":{"line":209,"column":7}},"line":202},"26":{"name":"(anonymous_26)","decl":{"start":{"line":203,"column":22},"end":{"line":203,"column":23}},"loc":{"start":{"line":203,"column":60},"end":{"line":208,"column":7}},"line":203},"27":{"name":"(anonymous_27)","decl":{"start":{"line":212,"column":2},"end":{"line":212,"column":26}},"loc":{"start":{"line":212,"column":26},"end":{"line":227,"column":null}},"line":212},"28":{"name":"(anonymous_28)","decl":{"start":{"line":221,"column":30},"end":{"line":221,"column":31}},"loc":{"start":{"line":221,"column":56},"end":{"line":226,"column":5}},"line":221},"29":{"name":"(anonymous_29)","decl":{"start":{"line":229,"column":2},"end":{"line":229,"column":17}},"loc":{"start":{"line":229,"column":45},"end":{"line":232,"column":null}},"line":229},"30":{"name":"(anonymous_30)","decl":{"start":{"line":247,"column":2},"end":{"line":247,"column":16}},"loc":{"start":{"line":247,"column":16},"end":{"line":250,"column":null}},"line":247},"31":{"name":"(anonymous_31)","decl":{"start":{"line":252,"column":2},"end":{"line":252,"column":15}},"loc":{"start":{"line":252,"column":15},"end":{"line":256,"column":null}},"line":252},"32":{"name":"(anonymous_32)","decl":{"start":{"line":258,"column":2},"end":{"line":258,"column":21}},"loc":{"start":{"line":258,"column":21},"end":{"line":271,"column":null}},"line":258},"33":{"name":"(anonymous_33)","decl":{"start":{"line":261,"column":41},"end":{"line":261,"column":42}},"loc":{"start":{"line":261,"column":55},"end":{"line":261,"column":75}},"line":261},"34":{"name":"(anonymous_34)","decl":{"start":{"line":267,"column":19},"end":{"line":267,"column":20}},"loc":{"start":{"line":267,"column":70},"end":{"line":270,"column":5}},"line":267},"35":{"name":"(anonymous_35)","decl":{"start":{"line":268,"column":37},"end":{"line":268,"column":43}},"loc":{"start":{"line":268,"column":43},"end":{"line":268,"column":68}},"line":268},"36":{"name":"(anonymous_36)","decl":{"start":{"line":269,"column":38},"end":{"line":269,"column":44}},"loc":{"start":{"line":269,"column":44},"end":{"line":269,"column":71}},"line":269},"37":{"name":"(anonymous_37)","decl":{"start":{"line":273,"column":8},"end":{"line":273,"column":21}},"loc":{"start":{"line":273,"column":46},"end":{"line":297,"column":null}},"line":273},"38":{"name":"(anonymous_38)","decl":{"start":{"line":299,"column":2},"end":{"line":299,"column":26}},"loc":{"start":{"line":299,"column":26},"end":{"line":314,"column":null}},"line":299},"39":{"name":"(anonymous_39)","decl":{"start":{"line":307,"column":19},"end":{"line":307,"column":20}},"loc":{"start":{"line":307,"column":70},"end":{"line":311,"column":5}},"line":307},"40":{"name":"(anonymous_40)","decl":{"start":{"line":316,"column":2},"end":{"line":316,"column":16}},"loc":{"start":{"line":316,"column":72},"end":{"line":353,"column":null}},"line":316},"41":{"name":"(anonymous_41)","decl":{"start":{"line":355,"column":2},"end":{"line":355,"column":17}},"loc":{"start":{"line":355,"column":87},"end":{"line":366,"column":null}},"line":355},"42":{"name":"(anonymous_42)","decl":{"start":{"line":368,"column":2},"end":{"line":368,"column":18}},"loc":{"start":{"line":368,"column":71},"end":{"line":375,"column":null}},"line":368},"43":{"name":"(anonymous_43)","decl":{"start":{"line":377,"column":2},"end":{"line":377,"column":32}},"loc":{"start":{"line":377,"column":32},"end":{"line":381,"column":null}},"line":377},"44":{"name":"(anonymous_44)","decl":{"start":{"line":383,"column":2},"end":{"line":383,"column":16}},"loc":{"start":{"line":383,"column":72},"end":{"line":391,"column":null}},"line":383},"45":{"name":"(anonymous_45)","decl":{"start":{"line":393,"column":8},"end":{"line":393,"column":31}},"loc":{"start":{"line":393,"column":68},"end":{"line":401,"column":null}},"line":393},"46":{"name":"(anonymous_46)","decl":{"start":{"line":395,"column":29},"end":{"line":395,"column":30}},"loc":{"start":{"line":395,"column":42},"end":{"line":400,"column":5}},"line":395},"47":{"name":"(anonymous_47)","decl":{"start":{"line":396,"column":17},"end":{"line":396,"column":23}},"loc":{"start":{"line":396,"column":23},"end":{"line":399,"column":9}},"line":396},"48":{"name":"(anonymous_48)","decl":{"start":{"line":403,"column":2},"end":{"line":403,"column":22}},"loc":{"start":{"line":403,"column":22},"end":{"line":405,"column":null}},"line":403},"49":{"name":"(anonymous_49)","decl":{"start":{"line":407,"column":2},"end":{"line":407,"column":12}},"loc":{"start":{"line":407,"column":35},"end":{"line":409,"column":null}},"line":407},"50":{"name":"(anonymous_50)","decl":{"start":{"line":411,"column":2},"end":{"line":411,"column":19}},"loc":{"start":{"line":411,"column":66},"end":{"line":427,"column":null}},"line":411},"51":{"name":"(anonymous_51)","decl":{"start":{"line":420,"column":15},"end":{"line":420,"column":21}},"loc":{"start":{"line":420,"column":21},"end":{"line":420,"column":71}},"line":420},"52":{"name":"(anonymous_52)","decl":{"start":{"line":423,"column":15},"end":{"line":423,"column":21}},"loc":{"start":{"line":423,"column":21},"end":{"line":426,"column":7}},"line":423},"53":{"name":"(anonymous_53)","decl":{"start":{"line":425,"column":17},"end":{"line":425,"column":23}},"loc":{"start":{"line":425,"column":23},"end":{"line":425,"column":46}},"line":425},"54":{"name":"(anonymous_54)","decl":{"start":{"line":429,"column":2},"end":{"line":429,"column":20}},"loc":{"start":{"line":429,"column":20},"end":{"line":431,"column":null}},"line":429},"55":{"name":"initializePortfolio","decl":{"start":{"line":437,"column":16},"end":{"line":437,"column":38}},"loc":{"start":{"line":437,"column":38},"end":{"line":444,"column":null}},"line":437}},"branchMap":{"0":{"loc":{"start":{"line":29,"column":8},"end":{"line":29,"column":null}},"type":"if","locations":[{"start":{"line":29,"column":8},"end":{"line":29,"column":null}},{"start":{},"end":{}}],"line":29},"1":{"loc":{"start":{"line":32,"column":6},"end":{"line":32,"column":null}},"type":"if","locations":[{"start":{"line":32,"column":6},"end":{"line":32,"column":null}},{"start":{},"end":{}}],"line":32},"2":{"loc":{"start":{"line":38,"column":39},"end":{"line":38,"column":83}},"type":"default-arg","locations":[{"start":{"line":38,"column":56},"end":{"line":38,"column":83}}],"line":38},"3":{"loc":{"start":{"line":50,"column":6},"end":{"line":53,"column":null}},"type":"binary-expr","locations":[{"start":{"line":50,"column":6},"end":{"line":50,"column":null}},{"start":{"line":51,"column":6},"end":{"line":51,"column":null}},{"start":{"line":52,"column":6},"end":{"line":52,"column":null}},{"start":{"line":53,"column":6},"end":{"line":53,"column":null}}],"line":50},"4":{"loc":{"start":{"line":53,"column":21},"end":{"line":53,"column":null}},"type":"binary-expr","locations":[{"start":{"line":53,"column":21},"end":{"line":53,"column":42}},{"start":{"line":53,"column":42},"end":{"line":53,"column":null}}],"line":53},"5":{"loc":{"start":{"line":89,"column":4},"end":{"line":91,"column":null}},"type":"if","locations":[{"start":{"line":89,"column":4},"end":{"line":91,"column":null}},{"start":{},"end":{}}],"line":89},"6":{"loc":{"start":{"line":107,"column":6},"end":{"line":114,"column":null}},"type":"if","locations":[{"start":{"line":107,"column":6},"end":{"line":114,"column":null}},{"start":{},"end":{}}],"line":107},"7":{"loc":{"start":{"line":108,"column":8},"end":{"line":111,"column":null}},"type":"binary-expr","locations":[{"start":{"line":108,"column":8},"end":{"line":108,"column":null}},{"start":{"line":109,"column":8},"end":{"line":109,"column":null}},{"start":{"line":110,"column":8},"end":{"line":110,"column":null}},{"start":{"line":111,"column":8},"end":{"line":111,"column":null}}],"line":108},"8":{"loc":{"start":{"line":132,"column":26},"end":{"line":132,"column":null}},"type":"cond-expr","locations":[{"start":{"line":132,"column":37},"end":{"line":132,"column":85}},{"start":{"line":132,"column":85},"end":{"line":132,"column":null}}],"line":132},"9":{"loc":{"start":{"line":134,"column":4},"end":{"line":138,"column":null}},"type":"if","locations":[{"start":{"line":134,"column":4},"end":{"line":138,"column":null}},{"start":{},"end":{}}],"line":134},"10":{"loc":{"start":{"line":148,"column":4},"end":{"line":152,"column":null}},"type":"if","locations":[{"start":{"line":148,"column":4},"end":{"line":152,"column":null}},{"start":{"line":150,"column":11},"end":{"line":152,"column":null}}],"line":148},"11":{"loc":{"start":{"line":167,"column":6},"end":{"line":174,"column":null}},"type":"if","locations":[{"start":{"line":167,"column":6},"end":{"line":174,"column":null}},{"start":{},"end":{}}],"line":167},"12":{"loc":{"start":{"line":167,"column":10},"end":{"line":167,"column":95}},"type":"binary-expr","locations":[{"start":{"line":167,"column":10},"end":{"line":167,"column":57}},{"start":{"line":167,"column":57},"end":{"line":167,"column":95}}],"line":167},"13":{"loc":{"start":{"line":171,"column":8},"end":{"line":173,"column":null}},"type":"if","locations":[{"start":{"line":171,"column":8},"end":{"line":173,"column":null}},{"start":{},"end":{}}],"line":171},"14":{"loc":{"start":{"line":204,"column":8},"end":{"line":207,"column":null}},"type":"if","locations":[{"start":{"line":204,"column":8},"end":{"line":207,"column":null}},{"start":{},"end":{}}],"line":204},"15":{"loc":{"start":{"line":253,"column":4},"end":{"line":255,"column":null}},"type":"if","locations":[{"start":{"line":253,"column":4},"end":{"line":255,"column":null}},{"start":{},"end":{}}],"line":253},"16":{"loc":{"start":{"line":259,"column":4},"end":{"line":259,"column":null}},"type":"if","locations":[{"start":{"line":259,"column":4},"end":{"line":259,"column":null}},{"start":{},"end":{}}],"line":259},"17":{"loc":{"start":{"line":276,"column":4},"end":{"line":278,"column":null}},"type":"if","locations":[{"start":{"line":276,"column":4},"end":{"line":278,"column":null}},{"start":{},"end":{}}],"line":276},"18":{"loc":{"start":{"line":276,"column":8},"end":{"line":276,"column":44}},"type":"binary-expr","locations":[{"start":{"line":276,"column":8},"end":{"line":276,"column":32}},{"start":{"line":276,"column":32},"end":{"line":276,"column":44}}],"line":276},"19":{"loc":{"start":{"line":284,"column":6},"end":{"line":284,"column":null}},"type":"if","locations":[{"start":{"line":284,"column":6},"end":{"line":284,"column":null}},{"start":{},"end":{}}],"line":284},"20":{"loc":{"start":{"line":295,"column":6},"end":{"line":295,"column":null}},"type":"if","locations":[{"start":{"line":295,"column":6},"end":{"line":295,"column":null}},{"start":{},"end":{}}],"line":295},"21":{"loc":{"start":{"line":300,"column":4},"end":{"line":300,"column":null}},"type":"if","locations":[{"start":{"line":300,"column":4},"end":{"line":300,"column":null}},{"start":{},"end":{}}],"line":300},"22":{"loc":{"start":{"line":308,"column":6},"end":{"line":310,"column":null}},"type":"if","locations":[{"start":{"line":308,"column":6},"end":{"line":310,"column":null}},{"start":{},"end":{}}],"line":308},"23":{"loc":{"start":{"line":326,"column":4},"end":{"line":346,"column":null}},"type":"switch","locations":[{"start":{"line":327,"column":6},"end":{"line":332,"column":null}},{"start":{"line":333,"column":6},"end":{"line":339,"column":null}},{"start":{"line":340,"column":6},"end":{"line":345,"column":null}}],"line":326},"24":{"loc":{"start":{"line":328,"column":8},"end":{"line":331,"column":null}},"type":"if","locations":[{"start":{"line":328,"column":8},"end":{"line":331,"column":null}},{"start":{},"end":{}}],"line":328},"25":{"loc":{"start":{"line":335,"column":8},"end":{"line":338,"column":null}},"type":"if","locations":[{"start":{"line":335,"column":8},"end":{"line":338,"column":null}},{"start":{},"end":{}}],"line":335},"26":{"loc":{"start":{"line":341,"column":8},"end":{"line":344,"column":null}},"type":"if","locations":[{"start":{"line":341,"column":8},"end":{"line":344,"column":null}},{"start":{},"end":{}}],"line":341},"27":{"loc":{"start":{"line":348,"column":4},"end":{"line":350,"column":null}},"type":"if","locations":[{"start":{"line":348,"column":4},"end":{"line":350,"column":null}},{"start":{},"end":{}}],"line":348},"28":{"loc":{"start":{"line":360,"column":4},"end":{"line":364,"column":null}},"type":"if","locations":[{"start":{"line":360,"column":4},"end":{"line":364,"column":null}},{"start":{},"end":{}}],"line":360},"29":{"loc":{"start":{"line":372,"column":4},"end":{"line":374,"column":null}},"type":"if","locations":[{"start":{"line":372,"column":4},"end":{"line":374,"column":null}},{"start":{},"end":{}}],"line":372},"30":{"loc":{"start":{"line":378,"column":4},"end":{"line":378,"column":null}},"type":"if","locations":[{"start":{"line":378,"column":4},"end":{"line":378,"column":null}},{"start":{},"end":{}}],"line":378},"31":{"loc":{"start":{"line":384,"column":4},"end":{"line":390,"column":null}},"type":"if","locations":[{"start":{"line":384,"column":4},"end":{"line":390,"column":null}},{"start":{"line":387,"column":11},"end":{"line":390,"column":null}}],"line":384},"32":{"loc":{"start":{"line":447,"column":0},"end":{"line":449,"column":null}},"type":"if","locations":[{"start":{"line":447,"column":0},"end":{"line":449,"column":null}},{"start":{},"end":{}}],"line":447}},"s":{"0":1,"1":1,"2":4,"3":4,"4":7,"5":4,"6":4,"7":4,"8":7,"9":3,"10":7,"11":3,"12":3,"13":5,"14":5,"15":4,"16":4,"17":0,"18":0,"19":0,"20":0,"21":0,"22":0,"23":0,"24":0,"25":0,"26":0,"27":0,"28":0,"29":0,"30":0,"31":0,"32":0,"33":0,"34":0,"35":0,"36":0,"37":0,"38":0,"39":0,"40":0,"41":0,"42":0,"43":0,"44":0,"45":0,"46":0,"47":0,"48":0,"49":0,"50":0,"51":0,"52":0,"53":0,"54":0,"55":0,"56":0,"57":0,"58":0,"59":0,"60":0,"61":0,"62":0,"63":0,"64":0,"65":0,"66":0,"67":0,"68":0,"69":0,"70":0,"71":0,"72":0,"73":0,"74":0,"75":0,"76":0,"77":0,"78":0,"79":0,"80":0,"81":0,"82":0,"83":0,"84":0,"85":0,"86":0,"87":0,"88":0,"89":0,"90":0,"91":0,"92":0,"93":0,"94":0,"95":0,"96":0,"97":0,"98":0,"99":0,"100":0,"101":0,"102":0,"103":0,"104":0,"105":0,"106":0,"107":0,"108":0,"109":0,"110":0,"111":0,"112":0,"113":0,"114":0,"115":0,"116":0,"117":0,"118":0,"119":0,"120":0,"121":0,"122":0,"123":0,"124":0,"125":0,"126":0,"127":0,"128":0,"129":0,"130":0,"131":0,"132":0,"133":0,"134":0,"135":0,"136":0,"137":0,"138":0,"139":0,"140":0,"141":0,"142":0,"143":0,"144":0,"145":0,"146":0,"147":0,"148":0,"149":0,"150":0,"151":0,"152":0,"153":0,"154":0,"155":0,"156":0,"157":0,"158":0,"159":0,"160":0,"161":0,"162":0,"163":0,"164":0,"165":0,"166":0,"167":0,"168":0,"169":0,"170":0,"171":0,"172":0,"173":0,"174":0,"175":0,"176":0,"177":0,"178":0,"179":0,"180":0,"181":0,"182":0,"183":0,"184":1,"185":1},"f":{"0":4,"1":7,"2":4,"3":3,"4":5,"5":4,"6":0,"7":0,"8":0,"9":0,"10":0,"11":0,"12":0,"13":0,"14":0,"15":0,"16":0,"17":0,"18":0,"19":0,"20":0,"21":0,"22":0,"23":0,"24":0,"25":0,"26":0,"27":0,"28":0,"29":0,"30":0,"31":0,"32":0,"33":0,"34":0,"35":0,"36":0,"37":0,"38":0,"39":0,"40":0,"41":0,"42":0,"43":0,"44":0,"45":0,"46":0,"47":0,"48":0,"49":0,"50":0,"51":0,"52":0,"53":0,"54":0,"55":0},"b":{"0":[4,0],"1":[3,4],"2":[3],"3":[5,4,3,2],"4":[2,0],"5":[0,0],"6":[0,0],"7":[0,0,0,0],"8":[0,0],"9":[0,0],"10":[0,0],"11":[0,0],"12":[0,0],"13":[0,0],"14":[0,0],"15":[0,0],"16":[0,0],"17":[0,0],"18":[0,0],"19":[0,0],"20":[0,0],"21":[0,0],"22":[0,0],"23":[0,0,0],"24":[0,0],"25":[0,0],"26":[0,0],"27":[0,0],"28":[0,0],"29":[0,0],"30":[0,0],"31":[0,0],"32":[1,0]},"meta":{"lastBranch":33,"lastFunction":56,"lastStatement":186,"seen":{"s:11:30:15:Infinity":0,"s:20:21:62:Infinity":1,"f:22:2:22:Infinity":0,"s:26:56:26:Infinity":2,"s:27:4:34:Infinity":3,"f:27:20:27:40":1,"s:28:20:31:Infinity":4,"f:28:20:28:32":2,"b:29:8:29:Infinity:undefined:undefined:undefined:undefined":0,"s:29:8:29:Infinity":5,"s:29:21:29:Infinity":6,"s:30:8:30:Infinity":7,"b:32:6:32:Infinity:undefined:undefined:undefined:undefined":1,"s:32:6:32:Infinity":8,"s:32:19:32:Infinity":9,"s:33:6:33:Infinity":10,"f:38:2:38:17":3,"b:38:56:38:83":2,"s:39:27:39:Infinity":11,"s:40:4:43:Infinity":12,"f:47:2:47:15":4,"s:48:17:48:Infinity":13,"s:49:4:53:Infinity":14,"b:50:6:50:Infinity:51:6:51:Infinity:52:6:52:Infinity:53:6:53:Infinity":3,"b:53:21:53:42:53:42:53:Infinity":4,"f:58:2:58:27":5,"s:59:16:59:Infinity":15,"s:60:4:60:Infinity":16,"f:73:2:73:16":6,"s:74:4:74:Infinity":17,"s:75:4:75:Infinity":18,"s:76:4:76:Infinity":19,"s:77:4:77:Infinity":20,"s:79:4:79:Infinity":21,"f:82:2:82:15":7,"s:83:4:83:Infinity":22,"s:84:4:84:Infinity":23,"f:87:2:87:30":8,"b:89:4:91:Infinity:undefined:undefined:undefined:undefined":5,"s:89:4:91:Infinity":24,"s:90:6:90:Infinity":25,"f:90:47:90:53":9,"s:90:53:90:76":26,"s:94:4:96:Infinity":27,"f:94:26:94:27":10,"s:95:6:95:Infinity":28,"f:95:37:95:38":11,"s:95:51:95:73":29,"s:99:4:102:Infinity":30,"f:101:21:101:27":12,"s:101:27:101:48":31,"s:105:4:115:Infinity":32,"f:105:39:105:40":13,"s:106:21:106:Infinity":33,"b:107:6:114:Infinity:undefined:undefined:undefined:undefined":6,"s:107:6:114:Infinity":34,"b:108:8:108:Infinity:109:8:109:Infinity:110:8:110:Infinity:111:8:111:Infinity":7,"s:113:8:113:Infinity":35,"f:118:2:118:27":14,"s:119:4:119:Infinity":36,"s:120:4:120:Infinity":37,"f:123:2:123:26":15,"s:124:4:124:Infinity":38,"s:125:4:125:Infinity":39,"f:128:2:128:17":16,"s:129:4:129:Infinity":40,"s:130:19:130:Infinity":41,"s:131:21:131:Infinity":42,"s:132:26:132:Infinity":43,"b:132:37:132:85:132:85:132:Infinity":8,"b:134:4:138:Infinity:undefined:undefined:undefined:undefined":9,"s:134:4:138:Infinity":44,"s:135:6:135:Infinity":45,"s:136:6:136:Infinity":46,"s:137:6:137:Infinity":47,"f:141:2:141:19":17,"s:142:4:142:Infinity":48,"f:142:26:142:27":18,"s:142:49:142:91":49,"s:143:4:143:Infinity":50,"f:146:2:146:23":19,"b:148:4:152:Infinity:150:11:152:Infinity":10,"s:148:4:152:Infinity":51,"s:149:6:149:Infinity":52,"s:151:6:151:Infinity":53,"s:155:4:155:Infinity":54,"f:158:2:158:34":20,"s:159:21:159:Infinity":55,"s:160:20:160:Infinity":56,"s:162:4:175:Infinity":57,"f:162:21:162:22":21,"s:163:25:163:Infinity":58,"s:164:28:164:Infinity":59,"s:165:24:165:Infinity":60,"b:167:6:174:Infinity:undefined:undefined:undefined:undefined":11,"s:167:6:174:Infinity":61,"b:167:10:167:57:167:57:167:95":12,"s:168:34:170:Infinity":62,"b:171:8:173:Infinity:undefined:undefined:undefined:undefined":13,"s:171:8:173:Infinity":63,"s:172:10:172:Infinity":64,"f:186:2:186:16":22,"s:187:4:187:Infinity":65,"s:188:4:188:Infinity":66,"f:191:2:191:15":23,"s:192:4:192:Infinity":67,"s:193:4:193:Infinity":68,"f:196:2:196:25":24,"s:197:46:200:Infinity":69,"s:202:4:209:Infinity":70,"f:202:45:202:46":25,"s:203:6:208:Infinity":71,"f:203:22:203:23":26,"b:204:8:207:Infinity:undefined:undefined:undefined:undefined":14,"s:204:8:207:Infinity":72,"s:205:10:205:Infinity":73,"s:206:10:206:Infinity":74,"f:212:2:212:26":27,"s:213:30:219:Infinity":75,"s:221:4:226:Infinity":76,"f:221:30:221:31":28,"s:222:6:222:Infinity":77,"s:223:6:223:Infinity":78,"s:224:6:224:Infinity":79,"s:225:6:225:Infinity":80,"f:229:2:229:17":29,"s:230:4:230:Infinity":81,"s:231:4:231:Infinity":82,"f:247:2:247:16":30,"s:248:4:248:Infinity":83,"s:249:4:249:Infinity":84,"f:252:2:252:15":31,"b:253:4:255:Infinity:undefined:undefined:undefined:undefined":15,"s:253:4:255:Infinity":85,"s:254:6:254:Infinity":86,"f:258:2:258:21":32,"b:259:4:259:Infinity:undefined:undefined:undefined:undefined":16,"s:259:4:259:Infinity":87,"s:259:20:259:Infinity":88,"s:261:4:261:Infinity":89,"f:261:41:261:42":33,"s:261:55:261:75":90,"s:264:19:266:Infinity":91,"s:267:4:270:Infinity":92,"f:267:19:267:20":34,"s:268:6:268:Infinity":93,"f:268:37:268:43":35,"s:268:43:268:68":94,"s:269:6:269:Infinity":95,"f:269:38:269:44":36,"s:269:44:269:71":96,"f:273:8:273:21":37,"s:274:4:274:Infinity":97,"b:276:4:278:Infinity:undefined:undefined:undefined:undefined":17,"s:276:4:278:Infinity":98,"b:276:8:276:32:276:32:276:44":18,"s:277:6:277:Infinity":99,"s:280:21:280:Infinity":100,"s:281:25:281:Infinity":101,"s:283:4:296:Infinity":102,"b:284:6:284:Infinity:undefined:undefined:undefined:undefined":19,"s:284:6:284:Infinity":103,"s:284:24:284:Infinity":104,"s:288:6:288:Infinity":105,"s:290:6:290:Infinity":106,"s:291:6:291:Infinity":107,"s:293:6:293:Infinity":108,"b:295:6:295:Infinity:undefined:undefined:undefined:undefined":20,"s:295:6:295:Infinity":109,"s:295:24:295:Infinity":110,"f:299:2:299:26":38,"b:300:4:300:Infinity:undefined:undefined:undefined:undefined":21,"s:300:4:300:Infinity":111,"s:300:20:300:Infinity":112,"s:302:19:304:Infinity":113,"s:305:18:305:Infinity":114,"s:307:4:311:Infinity":115,"f:307:19:307:20":39,"b:308:6:310:Infinity:undefined:undefined:undefined:undefined":22,"s:308:6:310:Infinity":116,"s:309:8:309:Infinity":117,"s:313:4:313:Infinity":118,"f:316:2:316:16":40,"s:317:18:317:Infinity":119,"s:318:22:318:Infinity":120,"s:319:18:319:Infinity":121,"s:320:23:320:Infinity":122,"s:323:4:323:Infinity":123,"b:327:6:332:Infinity:333:6:339:Infinity:340:6:345:Infinity":23,"s:326:4:346:Infinity":124,"b:328:8:331:Infinity:undefined:undefined:undefined:undefined":24,"s:328:8:331:Infinity":125,"s:329:10:329:Infinity":126,"s:330:10:330:Infinity":127,"s:332:8:332:Infinity":128,"s:334:27:334:Infinity":129,"b:335:8:338:Infinity:undefined:undefined:undefined:undefined":25,"s:335:8:338:Infinity":130,"s:336:10:336:Infinity":131,"s:337:10:337:Infinity":132,"s:339:8:339:Infinity":133,"b:341:8:344:Infinity:undefined:undefined:undefined:undefined":26,"s:341:8:344:Infinity":134,"s:342:10:342:Infinity":135,"s:343:10:343:Infinity":136,"s:345:8:345:Infinity":137,"b:348:4:350:Infinity:undefined:undefined:undefined:undefined":27,"s:348:4:350:Infinity":138,"s:349:6:349:Infinity":139,"s:352:4:352:Infinity":140,"f:355:2:355:17":41,"s:356:4:356:Infinity":141,"s:358:23:358:Infinity":142,"s:359:23:359:Infinity":143,"b:360:4:364:Infinity:undefined:undefined:undefined:undefined":28,"s:360:4:364:Infinity":144,"s:361:6:361:Infinity":145,"s:362:6:362:Infinity":146,"s:363:6:363:Infinity":147,"s:365:4:365:Infinity":148,"f:368:2:368:18":42,"s:369:4:369:Infinity":149,"s:370:23:370:Infinity":150,"s:371:25:371:Infinity":151,"b:372:4:374:Infinity:undefined:undefined:undefined:undefined":29,"s:372:4:374:Infinity":152,"s:373:6:373:Infinity":153,"f:377:2:377:32":43,"b:378:4:378:Infinity:undefined:undefined:undefined:undefined":30,"s:378:4:378:Infinity":154,"s:378:20:378:Infinity":155,"s:379:21:379:Infinity":156,"s:380:4:380:Infinity":157,"f:383:2:383:16":44,"b:384:4:390:Infinity:387:11:390:Infinity":31,"s:384:4:390:Infinity":158,"s:385:6:385:Infinity":159,"s:386:6:386:Infinity":160,"s:388:6:388:Infinity":161,"s:389:6:389:Infinity":162,"f:393:8:393:31":45,"s:395:4:400:Infinity":163,"f:395:29:395:30":46,"s:396:6:399:Infinity":164,"f:396:17:396:23":47,"s:397:8:397:Infinity":165,"s:398:8:398:Infinity":166,"f:403:2:403:22":48,"s:404:4:404:Infinity":167,"f:407:2:407:12":49,"s:408:4:408:Infinity":168,"f:411:2:411:19":50,"s:413:25:413:Infinity":169,"s:414:4:414:Infinity":170,"s:415:4:415:Infinity":171,"s:417:4:417:Infinity":172,"s:420:4:420:Infinity":173,"f:420:15:420:21":51,"s:420:21:420:71":174,"s:423:4:426:Infinity":175,"f:423:15:423:21":52,"s:424:6:424:Infinity":176,"s:425:6:425:Infinity":177,"f:425:17:425:23":53,"s:425:23:425:46":178,"f:429:2:429:20":54,"s:430:4:430:Infinity":179,"f:437:16:437:38":55,"s:439:2:439:Infinity":180,"s:440:2:440:Infinity":181,"s:441:2:441:Infinity":182,"s:443:2:443:Infinity":183,"b:447:0:449:Infinity:undefined:undefined:undefined:undefined":32,"s:447:0:449:Infinity":184,"s:448:2:448:Infinity":185}}}
,"D:\\Work\\Portfolio\\src\\services\\ProjectService.ts": {"path":"D:\\Work\\Portfolio\\src\\services\\ProjectService.ts","statementMap":{"0":{"start":{"line":8,"column":2},"end":{"line":8,"column":null}},"1":{"start":{"line":9,"column":2},"end":{"line":9,"column":null}},"2":{"start":{"line":16,"column":4},"end":{"line":18,"column":null}},"3":{"start":{"line":17,"column":6},"end":{"line":17,"column":null}},"4":{"start":{"line":26,"column":4},"end":{"line":32,"column":null}},"5":{"start":{"line":27,"column":6},"end":{"line":31,"column":null}},"6":{"start":{"line":28,"column":8},"end":{"line":28,"column":null}},"7":{"start":{"line":30,"column":8},"end":{"line":30,"column":null}},"8":{"start":{"line":33,"column":4},"end":{"line":33,"column":null}},"9":{"start":{"line":40,"column":21},"end":{"line":40,"column":null}},"10":{"start":{"line":41,"column":4},"end":{"line":41,"column":null}},"11":{"start":{"line":41,"column":32},"end":{"line":41,"column":43}},"12":{"start":{"line":48,"column":21},"end":{"line":48,"column":null}},"13":{"start":{"line":49,"column":4},"end":{"line":49,"column":null}},"14":{"start":{"line":49,"column":34},"end":{"line":49,"column":49}},"15":{"start":{"line":56,"column":21},"end":{"line":56,"column":null}},"16":{"start":{"line":57,"column":4},"end":{"line":57,"column":null}},"17":{"start":{"line":57,"column":34},"end":{"line":57,"column":63}},"18":{"start":{"line":64,"column":21},"end":{"line":64,"column":null}},"19":{"start":{"line":65,"column":4},"end":{"line":65,"column":null}},"20":{"start":{"line":65,"column":34},"end":{"line":65,"column":44}},"21":{"start":{"line":77,"column":21},"end":{"line":77,"column":null}},"22":{"start":{"line":79,"column":26},"end":{"line":79,"column":null}},"23":{"start":{"line":80,"column":21},"end":{"line":80,"column":null}},"24":{"start":{"line":80,"column":45},"end":{"line":80,"column":59}},"25":{"start":{"line":81,"column":30},"end":{"line":81,"column":null}},"26":{"start":{"line":82,"column":23},"end":{"line":82,"column":null}},"27":{"start":{"line":82,"column":51},"end":{"line":82,"column":80}},"28":{"start":{"line":83,"column":25},"end":{"line":83,"column":null}},"29":{"start":{"line":83,"column":53},"end":{"line":83,"column":84}},"30":{"start":{"line":85,"column":4},"end":{"line":90,"column":null}},"31":{"start":{"line":97,"column":4},"end":{"line":106,"column":null}},"32":{"start":{"line":98,"column":23},"end":{"line":98,"column":null}},"33":{"start":{"line":99,"column":6},"end":{"line":101,"column":null}},"34":{"start":{"line":100,"column":8},"end":{"line":100,"column":null}},"35":{"start":{"line":102,"column":6},"end":{"line":102,"column":null}},"36":{"start":{"line":104,"column":6},"end":{"line":104,"column":null}},"37":{"start":{"line":105,"column":6},"end":{"line":105,"column":null}},"38":{"start":{"line":113,"column":4},"end":{"line":148,"column":null}},"39":{"start":{"line":155,"column":4},"end":{"line":155,"column":null}},"40":{"start":{"line":162,"column":4},"end":{"line":162,"column":null}},"41":{"start":{"line":163,"column":4},"end":{"line":163,"column":null}},"42":{"start":{"line":168,"column":30},"end":{"line":168,"column":null}}},"fnMap":{"0":{"name":"(anonymous_0)","decl":{"start":{"line":15,"column":2},"end":{"line":15,"column":14}},"loc":{"start":{"line":15,"column":35},"end":{"line":19,"column":null}},"line":15},"1":{"name":"(anonymous_1)","decl":{"start":{"line":25,"column":8},"end":{"line":25,"column":42}},"loc":{"start":{"line":25,"column":42},"end":{"line":34,"column":null}},"line":25},"2":{"name":"(anonymous_2)","decl":{"start":{"line":39,"column":8},"end":{"line":39,"column":23}},"loc":{"start":{"line":39,"column":65},"end":{"line":42,"column":null}},"line":39},"3":{"name":"(anonymous_3)","decl":{"start":{"line":41,"column":25},"end":{"line":41,"column":26}},"loc":{"start":{"line":41,"column":32},"end":{"line":41,"column":43}},"line":41},"4":{"name":"(anonymous_4)","decl":{"start":{"line":47,"column":8},"end":{"line":47,"column":26}},"loc":{"start":{"line":47,"column":60},"end":{"line":50,"column":null}},"line":47},"5":{"name":"(anonymous_5)","decl":{"start":{"line":49,"column":27},"end":{"line":49,"column":28}},"loc":{"start":{"line":49,"column":34},"end":{"line":49,"column":49}},"line":49},"6":{"name":"(anonymous_6)","decl":{"start":{"line":55,"column":8},"end":{"line":55,"column":32}},"loc":{"start":{"line":55,"column":66},"end":{"line":58,"column":null}},"line":55},"7":{"name":"(anonymous_7)","decl":{"start":{"line":57,"column":27},"end":{"line":57,"column":28}},"loc":{"start":{"line":57,"column":34},"end":{"line":57,"column":63}},"line":57},"8":{"name":"(anonymous_8)","decl":{"start":{"line":63,"column":8},"end":{"line":63,"column":50}},"loc":{"start":{"line":63,"column":50},"end":{"line":66,"column":null}},"line":63},"9":{"name":"(anonymous_9)","decl":{"start":{"line":65,"column":27},"end":{"line":65,"column":28}},"loc":{"start":{"line":65,"column":34},"end":{"line":65,"column":44}},"line":65},"10":{"name":"(anonymous_10)","decl":{"start":{"line":71,"column":8},"end":{"line":71,"column":null}},"loc":{"start":{"line":76,"column":5},"end":{"line":91,"column":null}},"line":76},"11":{"name":"(anonymous_11)","decl":{"start":{"line":80,"column":38},"end":{"line":80,"column":39}},"loc":{"start":{"line":80,"column":45},"end":{"line":80,"column":59}},"line":80},"12":{"name":"(anonymous_12)","decl":{"start":{"line":82,"column":39},"end":{"line":82,"column":40}},"loc":{"start":{"line":82,"column":51},"end":{"line":82,"column":80}},"line":82},"13":{"name":"(anonymous_13)","decl":{"start":{"line":83,"column":41},"end":{"line":83,"column":42}},"loc":{"start":{"line":83,"column":53},"end":{"line":83,"column":84}},"line":83},"14":{"name":"(anonymous_14)","decl":{"start":{"line":96,"column":16},"end":{"line":96,"column":46}},"loc":{"start":{"line":96,"column":46},"end":{"line":107,"column":null}},"line":96},"15":{"name":"(anonymous_15)","decl":{"start":{"line":112,"column":10},"end":{"line":112,"column":44}},"loc":{"start":{"line":112,"column":44},"end":{"line":149,"column":null}},"line":112},"16":{"name":"(anonymous_16)","decl":{"start":{"line":154,"column":2},"end":{"line":154,"column":21}},"loc":{"start":{"line":154,"column":21},"end":{"line":156,"column":null}},"line":154},"17":{"name":"(anonymous_17)","decl":{"start":{"line":161,"column":2},"end":{"line":161,"column":16}},"loc":{"start":{"line":161,"column":42},"end":{"line":164,"column":null}},"line":161}},"branchMap":{"0":{"loc":{"start":{"line":16,"column":4},"end":{"line":18,"column":null}},"type":"if","locations":[{"start":{"line":16,"column":4},"end":{"line":18,"column":null}},{"start":{},"end":{}}],"line":16},"1":{"loc":{"start":{"line":26,"column":4},"end":{"line":32,"column":null}},"type":"if","locations":[{"start":{"line":26,"column":4},"end":{"line":32,"column":null}},{"start":{},"end":{}}],"line":26},"2":{"loc":{"start":{"line":27,"column":6},"end":{"line":31,"column":null}},"type":"if","locations":[{"start":{"line":27,"column":6},"end":{"line":31,"column":null}},{"start":{"line":29,"column":13},"end":{"line":31,"column":null}}],"line":27},"3":{"loc":{"start":{"line":82,"column":58},"end":{"line":82,"column":80}},"type":"binary-expr","locations":[{"start":{"line":82,"column":58},"end":{"line":82,"column":76}},{"start":{"line":82,"column":76},"end":{"line":82,"column":80}}],"line":82},"4":{"loc":{"start":{"line":83,"column":60},"end":{"line":83,"column":84}},"type":"binary-expr","locations":[{"start":{"line":83,"column":60},"end":{"line":83,"column":80}},{"start":{"line":83,"column":80},"end":{"line":83,"column":84}}],"line":83},"5":{"loc":{"start":{"line":99,"column":6},"end":{"line":101,"column":null}},"type":"if","locations":[{"start":{"line":99,"column":6},"end":{"line":101,"column":null}},{"start":{},"end":{}}],"line":99}},"s":{"0":28,"1":28,"2":28,"3":3,"4":31,"5":26,"6":4,"7":22,"8":31,"9":2,"10":2,"11":3,"12":2,"13":2,"14":4,"15":3,"16":3,"17":6,"18":1,"19":1,"20":2,"21":7,"22":7,"23":7,"24":14,"25":7,"26":7,"27":14,"28":7,"29":14,"30":7,"31":4,"32":4,"33":3,"34":2,"35":1,"36":3,"37":3,"38":25,"39":2,"40":1,"41":1,"42":1},"f":{"0":28,"1":31,"2":2,"3":3,"4":2,"5":4,"6":3,"7":6,"8":1,"9":2,"10":7,"11":14,"12":14,"13":14,"14":4,"15":25,"16":2,"17":1},"b":{"0":[3,25],"1":[26,5],"2":[4,22],"3":[14,7],"4":[14,0],"5":[2,1]},"meta":{"lastBranch":6,"lastFunction":18,"lastStatement":43,"seen":{"f:15:2:15:14":0,"s:8:2:8:Infinity":0,"s:9:2:9:Infinity":1,"b:16:4:18:Infinity:undefined:undefined:undefined:undefined":0,"s:16:4:18:Infinity":2,"s:17:6:17:Infinity":3,"f:25:8:25:42":1,"b:26:4:32:Infinity:undefined:undefined:undefined:undefined":1,"s:26:4:32:Infinity":4,"b:27:6:31:Infinity:29:13:31:Infinity":2,"s:27:6:31:Infinity":5,"s:28:8:28:Infinity":6,"s:30:8:30:Infinity":7,"s:33:4:33:Infinity":8,"f:39:8:39:23":2,"s:40:21:40:Infinity":9,"s:41:4:41:Infinity":10,"f:41:25:41:26":3,"s:41:32:41:43":11,"f:47:8:47:26":4,"s:48:21:48:Infinity":12,"s:49:4:49:Infinity":13,"f:49:27:49:28":5,"s:49:34:49:49":14,"f:55:8:55:32":6,"s:56:21:56:Infinity":15,"s:57:4:57:Infinity":16,"f:57:27:57:28":7,"s:57:34:57:63":17,"f:63:8:63:50":8,"s:64:21:64:Infinity":18,"s:65:4:65:Infinity":19,"f:65:27:65:28":9,"s:65:34:65:44":20,"f:71:8:71:Infinity":10,"s:77:21:77:Infinity":21,"s:79:26:79:Infinity":22,"s:80:21:80:Infinity":23,"f:80:38:80:39":11,"s:80:45:80:59":24,"s:81:30:81:Infinity":25,"s:82:23:82:Infinity":26,"f:82:39:82:40":12,"s:82:51:82:80":27,"b:82:58:82:76:82:76:82:80":3,"s:83:25:83:Infinity":28,"f:83:41:83:42":13,"s:83:53:83:84":29,"b:83:60:83:80:83:80:83:84":4,"s:85:4:90:Infinity":30,"f:96:16:96:46":14,"s:97:4:106:Infinity":31,"s:98:23:98:Infinity":32,"b:99:6:101:Infinity:undefined:undefined:undefined:undefined":5,"s:99:6:101:Infinity":33,"s:100:8:100:Infinity":34,"s:102:6:102:Infinity":35,"s:104:6:104:Infinity":36,"s:105:6:105:Infinity":37,"f:112:10:112:44":15,"s:113:4:148:Infinity":38,"f:154:2:154:21":16,"s:155:4:155:Infinity":39,"f:161:2:161:16":17,"s:162:4:162:Infinity":40,"s:163:4:163:Infinity":41,"s:168:30:168:Infinity":42}}}
}
